<?xml version="1.0" encoding="UTF-8"?>
<testng-results ignored="0" total="1" passed="1" failed="0" skipped="0">
  <reporter-output>
  </reporter-output>
  <suite started-at="2019-09-12T14:45:42 BST" name="Default suite" finished-at="2019-09-12T14:45:49 BST" duration-ms="7030">
    <groups>
    </groups>
    <test started-at="2019-09-12T14:45:42 BST" name="Default test" finished-at="2019-09-12T14:45:49 BST" duration-ms="7030">
      <class name="WebdriverTestOne.TestOne">
        <test-method is-config="true" signature="beforeTest()[pri:0, instance:WebdriverTestOne.TestOne@61001b64]" started-at="2019-09-12T14:45:42 BST" name="beforeTest" finished-at="2019-09-12T14:45:46 BST" duration-ms="3963" status="PASS">
          <reporter-output>
          </reporter-output>
        </test-method> <!-- beforeTest -->
        <test-method signature="testEasy()[pri:0, instance:WebdriverTestOne.TestOne@61001b64]" started-at="2019-09-12T14:45:46 BST" name="testEasy" finished-at="2019-09-12T14:45:48 BST" duration-ms="2256" status="PASS">
          <reporter-output>
          </reporter-output>
        </test-method> <!-- testEasy -->
        <test-method is-config="true" signature="afterTest()[pri:0, instance:WebdriverTestOne.TestOne@61001b64]" started-at="2019-09-12T14:45:48 BST" name="afterTest" finished-at="2019-09-12T14:45:49 BST" duration-ms="782" status="PASS">
          <reporter-output>
          </reporter-output>
        </test-method> <!-- afterTest -->
      </class> <!-- WebdriverTestOne.TestOne -->
    </test> <!-- Default test -->
  </suite> <!-- Default suite -->
</testng-results>
