<?xml version="1.0" encoding="UTF-8"?>
<testng-results ignored="0" total="1" passed="1" failed="0" skipped="0">
  <reporter-output>
  </reporter-output>
  <suite started-at="2019-09-12T14:14:03 BST" name="Default suite" finished-at="2019-09-12T14:14:10 BST" duration-ms="7340">
    <groups>
    </groups>
    <test started-at="2019-09-12T14:14:03 BST" name="Default test" finished-at="2019-09-12T14:14:10 BST" duration-ms="7340">
      <class name="WebdriverTestOne.TestOne">
        <test-method is-config="true" signature="beforeTest()[pri:0, instance:WebdriverTestOne.TestOne@1151e434]" started-at="2019-09-12T14:14:03 BST" name="beforeTest" finished-at="2019-09-12T14:14:07 BST" duration-ms="4022" status="PASS">
          <reporter-output>
          </reporter-output>
        </test-method> <!-- beforeTest -->
        <test-method signature="testEasy()[pri:0, instance:WebdriverTestOne.TestOne@1151e434]" started-at="2019-09-12T14:14:07 BST" name="testEasy" finished-at="2019-09-12T14:14:10 BST" duration-ms="2515" status="PASS">
          <reporter-output>
          </reporter-output>
        </test-method> <!-- testEasy -->
        <test-method is-config="true" signature="afterTest()[pri:0, instance:WebdriverTestOne.TestOne@1151e434]" started-at="2019-09-12T14:14:10 BST" name="afterTest" finished-at="2019-09-12T14:14:10 BST" duration-ms="764" status="PASS">
          <reporter-output>
          </reporter-output>
        </test-method> <!-- afterTest -->
      </class> <!-- WebdriverTestOne.TestOne -->
    </test> <!-- Default test -->
  </suite> <!-- Default suite -->
</testng-results>
